  quad_node.cpp
c:\users\dante\source\repos\fiziksengine\fiziks\fiziks\quad_node.cpp(5): error C2661: 'bounds::bounds': no overloaded function takes 3 arguments
c:\users\dante\source\repos\fiziksengine\fiziks\fiziks\quad_node.cpp(57): warning C4018: '<': signed/unsigned mismatch
c:\users\dante\source\repos\fiziksengine\fiziks\fiziks\quad_node.cpp(132): error C2065: 'm_collisions': undeclared identifier
c:\users\dante\source\repos\fiziksengine\fiziks\fiziks\quad_node.cpp(132): error C2227: left of '->check' must point to class/struct/union/generic type
  c:\users\dante\source\repos\fiziksengine\fiziks\fiziks\quad_node.cpp(132): note: type is 'unknown-type'
  k_entity.cpp
c:\users\dante\source\repos\fiziksengine\fiziks\fiziks\k_entity.cpp(5): error C2512: 'entity': no appropriate default constructor available
  c:\users\dante\source\repos\fiziksengine\fiziks\fiziks\entity.h(10): note: see declaration of 'entity'
c:\users\dante\source\repos\fiziksengine\fiziks\fiziks\k_entity.cpp(5): error C2614: 'k_entity': illegal member initialization: 'Iobserver' is not a base or member
c:\users\dante\source\repos\fiziksengine\fiziks\fiziks\k_entity.cpp(7): error C2039: 'setSize': is not a member of 'sf::Shape'
  c:\libs\sfml-2.4.2\include\sfml\graphics\shape.hpp(44): note: see declaration of 'sf::Shape'
c:\users\dante\source\repos\fiziksengine\fiziks\fiziks\k_entity.cpp(12): warning C4305: 'argument': truncation from 'double' to 'float'
  entity.cpp
c:\users\dante\source\repos\fiziksengine\fiziks\fiziks\k_entity.h(12): error C2504: 'entity': base class undefined
  bounds.cpp
c:\users\dante\source\repos\fiziksengine\fiziks\fiziks\bounds.cpp(9): error C2511: 'bounds::bounds(v2f,int,int)': overloaded member function not found in 'bounds'
  c:\users\dante\source\repos\fiziksengine\fiziks\fiziks\bounds.h(11): note: see declaration of 'bounds'
c:\users\dante\source\repos\fiziksengine\fiziks\fiziks\bounds.cpp(19): error C2065: 'm_pos': undeclared identifier
c:\users\dante\source\repos\fiziksengine\fiziks\fiziks\bounds.cpp(19): error C2228: left of '.x' must have class/struct/union
  c:\users\dante\source\repos\fiziksengine\fiziks\fiziks\bounds.cpp(19): note: type is 'unknown-type'
c:\users\dante\source\repos\fiziksengine\fiziks\fiziks\bounds.cpp(20): error C2065: 'm_pos': undeclared identifier
c:\users\dante\source\repos\fiziksengine\fiziks\fiziks\bounds.cpp(20): error C2228: left of '.y' must have class/struct/union
  c:\users\dante\source\repos\fiziksengine\fiziks\fiziks\bounds.cpp(20): note: type is 'unknown-type'
c:\users\dante\source\repos\fiziksengine\fiziks\fiziks\bounds.cpp(21): error C2065: 'm_pos': undeclared identifier
c:\users\dante\source\repos\fiziksengine\fiziks\fiziks\bounds.cpp(21): error C2228: left of '.x' must have class/struct/union
  c:\users\dante\source\repos\fiziksengine\fiziks\fiziks\bounds.cpp(21): note: type is 'unknown-type'
c:\users\dante\source\repos\fiziksengine\fiziks\fiziks\bounds.cpp(21): error C2065: 'm_width': undeclared identifier
c:\users\dante\source\repos\fiziksengine\fiziks\fiziks\bounds.cpp(22): error C2065: 'm_pos': undeclared identifier
c:\users\dante\source\repos\fiziksengine\fiziks\fiziks\bounds.cpp(22): error C2228: left of '.y' must have class/struct/union
  c:\users\dante\source\repos\fiziksengine\fiziks\fiziks\bounds.cpp(22): note: type is 'unknown-type'
c:\users\dante\source\repos\fiziksengine\fiziks\fiziks\bounds.cpp(22): error C2065: 'm_height': undeclared identifier
c:\users\dante\source\repos\fiziksengine\fiziks\fiziks\bounds.cpp(27): error C2065: 'm_width': undeclared identifier
c:\users\dante\source\repos\fiziksengine\fiziks\fiziks\bounds.cpp(27): error C2065: 'm_height': undeclared identifier
c:\users\dante\source\repos\fiziksengine\fiziks\fiziks\bounds.cpp(27): error C2440: '<function-style-cast>': cannot convert from 'sf::Vector2<float>' to 'bounds'
  c:\users\dante\source\repos\fiziksengine\fiziks\fiziks\bounds.cpp(27): note: No constructor could take the source type, or constructor overload resolution was ambiguous
c:\users\dante\source\repos\fiziksengine\fiziks\fiziks\bounds.cpp(32): error C2065: 'm_width': undeclared identifier
c:\users\dante\source\repos\fiziksengine\fiziks\fiziks\bounds.cpp(32): error C2440: '<function-style-cast>': cannot convert from 'int' to 'v2f'
  c:\users\dante\source\repos\fiziksengine\fiziks\fiziks\bounds.cpp(32): note: No constructor could take the source type, or constructor overload resolution was ambiguous
c:\users\dante\source\repos\fiziksengine\fiziks\fiziks\bounds.cpp(32): error C2065: 'm_height': undeclared identifier
c:\users\dante\source\repos\fiziksengine\fiziks\fiziks\bounds.cpp(37): error C2065: 'm_height': undeclared identifier
c:\users\dante\source\repos\fiziksengine\fiziks\fiziks\bounds.cpp(37): error C2440: '<function-style-cast>': cannot convert from 'int' to 'v2f'
  c:\users\dante\source\repos\fiziksengine\fiziks\fiziks\bounds.cpp(37): note: No constructor could take the source type, or constructor overload resolution was ambiguous
c:\users\dante\source\repos\fiziksengine\fiziks\fiziks\bounds.cpp(37): error C2065: 'm_width': undeclared identifier
c:\users\dante\source\repos\fiziksengine\fiziks\fiziks\bounds.cpp(42): error C2065: 'm_width': undeclared identifier
c:\users\dante\source\repos\fiziksengine\fiziks\fiziks\bounds.cpp(42): error C2065: 'm_height': undeclared identifier
c:\users\dante\source\repos\fiziksengine\fiziks\fiziks\bounds.cpp(42): error C2440: '<function-style-cast>': cannot convert from 'sf::Vector2<float>' to 'bounds'
  c:\users\dante\source\repos\fiziksengine\fiziks\fiziks\bounds.cpp(42): note: No constructor could take the source type, or constructor overload resolution was ambiguous
c:\users\dante\source\repos\fiziksengine\fiziks\fiziks\bounds.cpp(48): error C2065: 'm_pos': undeclared identifier
c:\users\dante\source\repos\fiziksengine\fiziks\fiziks\bounds.cpp(49): error C2556: 'int bounds::get_width(void)': overloaded function differs only by return type from 'float bounds::get_width(void)'
  c:\users\dante\source\repos\fiziksengine\fiziks\fiziks\bounds.h(26): note: see declaration of 'bounds::get_width'
c:\users\dante\source\repos\fiziksengine\fiziks\fiziks\bounds.cpp(49): error C2371: 'bounds::get_width': redefinition; different basic types
  c:\users\dante\source\repos\fiziksengine\fiziks\fiziks\bounds.h(26): note: see declaration of 'bounds::get_width'
c:\users\dante\source\repos\fiziksengine\fiziks\fiziks\bounds.cpp(49): error C2065: 'm_width': undeclared identifier
c:\users\dante\source\repos\fiziksengine\fiziks\fiziks\bounds.cpp(50): error C2556: 'int bounds::get_height(void)': overloaded function differs only by return type from 'float bounds::get_height(void)'
  c:\users\dante\source\repos\fiziksengine\fiziks\fiziks\bounds.h(27): note: see declaration of 'bounds::get_height'
c:\users\dante\source\repos\fiziksengine\fiziks\fiziks\bounds.cpp(50): error C2371: 'bounds::get_height': redefinition; different basic types
  c:\users\dante\source\repos\fiziksengine\fiziks\fiziks\bounds.h(27): note: see declaration of 'bounds::get_height'
c:\users\dante\source\repos\fiziksengine\fiziks\fiziks\bounds.cpp(50): error C2065: 'm_height': undeclared identifier
  Generating Code...
  Compiling...
  fiziks_app.cpp
  Generating Code...
  Skipping... (no relevant changes detected)
  fiziks_engine.cpp
